<?xml version="1.0" encoding="UTF-8"?>
<testng-results skipped="0" failed="0" ignored="0" total="2" passed="2">
  <reporter-output>
  </reporter-output>
  <suite name="崇天风控接口自动化" duration-ms="289" started-at="2019-10-25T02:46:32Z" finished-at="2019-10-25T02:46:32Z">
    <groups>
      <group name="login">
        <method signature="HttpTest.login()[pri:0, instance:com.example.demo.HttpTest@37e023da]" name="login" class="com.example.demo.HttpTest"/>
      </group> <!-- login -->
    </groups>
    <test name="练习用例" duration-ms="289" started-at="2019-10-25T02:46:32Z" finished-at="2019-10-25T02:46:32Z">
      <class name="com.example.demo.HttpTest">
        <test-method status="PASS" signature="beforeTest()[pri:0, instance:com.example.demo.HttpTest@37e023da]" name="beforeTest" is-config="true" duration-ms="10" started-at="2019-10-25T10:46:32Z" finished-at="2019-10-25T10:46:32Z">
          <reporter-output>
          </reporter-output>
        </test-method> <!-- beforeTest -->
        <test-method status="PASS" signature="login()[pri:0, instance:com.example.demo.HttpTest@37e023da]" name="login" duration-ms="261" started-at="2019-10-25T10:46:32Z" finished-at="2019-10-25T10:46:32Z">
          <reporter-output>
          </reporter-output>
        </test-method> <!-- login -->
        <test-method status="PASS" signature="demo1()[pri:0, instance:com.example.demo.HttpTest@37e023da]" name="demo1" duration-ms="11" depends-on-groups="login" started-at="2019-10-25T10:46:32Z" finished-at="2019-10-25T10:46:32Z">
          <reporter-output>
          </reporter-output>
        </test-method> <!-- demo1 -->
      </class> <!-- com.example.demo.HttpTest -->
    </test> <!-- 练习用例 -->
  </suite> <!-- 崇天风控接口自动化 -->
</testng-results>
